<?xml version="1.0" encoding="UTF-8"?>
<!-- Generated by org.testng.reporters.JUnitReportReporter -->
<testsuite hostname="DESKTOP-4DKSVUK" failures="0" tests="1" name="SSCS.E_ProjCert.TestNG.NewTest" time="6.305" errors="0" timestamp="13 Jul 2019 01:44:27 GMT" skipped="0">
  <testcase classname="SSCS.E_ProjCert.TestNG.NewTest" name="VerifyAboutUS" time="6.305"/>
</testsuite> <!-- SSCS.E_ProjCert.TestNG.NewTest -->
